<?xml version="1.0" encoding="UTF-8"?>
<!-- Generated by org.testng.reporters.JUnitReportReporter -->
<testsuite hostname="AHAD-PC" failures="0" tests="1" name="QA.Test.QALoginTest" time="0.774" errors="0" timestamp="2024-12-30T16:48:43 IST" skipped="0">
  <testcase classname="QA.Test.QALoginTest" name="LoginPageTestCase" time="0.774"/>
  <system-out/>
</testsuite> <!-- QA.Test.QALoginTest -->
